Arguments: 
  C:\Program Files\nodejs\node.exe C:\Users\Frederik Batuna\AppData\Roaming\npm\node_modules\yarn\bin\yarn.js

PATH: 
  C:\Users\FREDER~1\AppData\Local\Temp\yarn--1602606540752-0.40264579544070056;C:\dev\p2p-network-tools\flood-desktop\node_modules\.bin;C:\Users\Frederik Batuna\AppData\Local\Yarn\Data\link\node_modules\.bin;C:\Users\Frederik Batuna\AppData\Local\Yarn\bin;C:\Program Files\libexec\lib\node_modules\npm\bin\node-gyp-bin;C:\Program Files\lib\node_modules\npm\bin\node-gyp-bin;C:\Program Files\nodejs\node_modules\npm\bin\node-gyp-bin;C:\Program Files\Git\mingw64\bin;C:\Program Files\Git\usr\bin;C:\Users\Frederik Batuna\bin;C:\Program Files (x86)\Cuminas\Document Express DjVu Plug-in;C:\Program Files\AdoptOpenJDK\jdk-11.0.7.10-hotspot\bin;C:\Python38\Scripts;C:\Python38;C:\windows\system32;C:\windows;C:\windows\System32\Wbem;C:\windows\System32\WindowsPowerShell\v1.0;C:\windows\System32\OpenSSH;C:\ProgramData\chocolatey\bin;C:\Program Files\nodejs;C:\Program Files\Docker\Docker\resources\bin;C:\ProgramData\DockerDesktop\version-bin;C:\Program Files (x86)\Intel\Intel(R) Management Engine Components\DAL;C:\Program Files\Intel\Intel(R) Management Engine Components\DAL;C:\Program Files\Git\cmd;C:\Users\Frederik Batuna\.windows-build-tools\python27;C:\Users\Frederik Batuna\.windows-build-tools\python27;C:\Users\Frederik Batuna\.windows-build-tools\python27;C:\Users\Frederik Batuna\AppData\Local\Microsoft\WindowsApps;C:\Users\Frederik Batuna\AppData\Local\Programs\Microsoft VS Code\bin;C:\Users\Frederik Batuna\AppData\Roaming\npm;C:\Users\Frederik Batuna\AppData\Local\Programs\IPFS Desktop\resources\app.asar.unpacked\src\ipfs-on-path\scripts\bin-win;%USERPROFILE%\AppData\Local\Microsoft\WindowsApps

Yarn version: 
  1.22.5

Node version: 
  14.4.0

Platform: 
  win32 x64

Trace: 
  Error: https://registry.yarnpkg.com/tslib/-/tslib-1.14.1.tgz: ENOENT: no such file or directory, open 'C:\Users\Frederik Batuna\AppData\Local\Yarn\Cache\v6\npm-tslib-1.14.1-cf2d38bdc34a134bcaf1091c41f6619e2f672d00-integrity\node_modules\tslib\.yarn-tarball.tgz'

npm manifest: 
  {
    "name": "p2p-network-tools-flood-desktop",
    "description": "p2p sharing app",
    "version": "0.0.0",
    "private": true,
    "license": "GPL-3.0",
    "author": "Frederik Batuna <gobi301@gmail.com>",
    "main": "dist/main.js",
    "scripts": {
      "start": "yarn && tsc && electron .",
      "dist": "yarn && tsc && electron-builder",
      "test": "jest"
    },
    "dependencies": {
      "cbor": "^5.1.0",
      "emotion": "^10.0.27",
      "hyperswarm": "^2.15.2",
      "react": "^16.13.1",
      "react-dom": "^16.13.1"
    },
    "devDependencies": {
      "@types/cbor": "^5.0.1",
      "@types/jest": "^26.0.14",
      "@types/node": "^14.11.2",
      "@types/react": "^16.9.49",
      "@types/react-dom": "^16.9.8",
      "@typescript-eslint/eslint-plugin": "2.x",
      "@typescript-eslint/parser": "2.x",
      "babel-eslint": "10.x",
      "electron": "10.1.2",
      "electron-builder": "^22.8.1",
      "eslint": "6.x",
      "eslint-config-react-app": "^5.2.1",
      "eslint-plugin-flowtype": "4.x",
      "eslint-plugin-import": "2.x",
      "eslint-plugin-jsx-a11y": "6.x",
      "eslint-plugin-react": "7.x",
      "eslint-plugin-react-hooks": "2.x",
      "jest": "^26.4.2",
      "ts-jest": "^26.4.0",
      "typescript": "^4.0.3"
    },
    "eslintConfig": {
      "parser": "@typescript-eslint/parser",
      "extends": "react-app"
    },
    "eslintIgnore": [
      "dist"
    ],
    "build": {
      "appId": "p2p-network-tools-desktop",
      "mac": {
        "category": "your.app.category.type"
      },
      "win": {
        "target": [
          {
            "target": "portable",
            "arch": [
              "x64"
            ]
          }
        ]
      },
      "files": [
        "index.html",
        "dist/**/*.js",
        "node_modules/**/*"
      ]
    }
  }

yarn manifest: 
  No manifest

Lockfile: 
  No lockfile
